<?xml version="1.0" encoding="UTF-8"?>
<coverage generated="1634303606643" clover="3.2.0">
  <project timestamp="1634303606643" name="All files">
    <metrics statements="9" coveredstatements="0" conditionals="2" coveredconditionals="0" methods="1" coveredmethods="0" elements="12" coveredelements="0" complexity="0" loc="9" ncloc="9" packages="1" files="1" classes="1"/>
    <file name="FieldCard.js" path="/home/xubuntu/git/premierportal/src/Components/FieldCard/FieldCard.js">
      <metrics statements="9" coveredstatements="0" conditionals="2" coveredconditionals="0" methods="1" coveredmethods="0"/>
      <line num="7" count="0" type="stmt"/>
      <line num="8" count="0" type="stmt"/>
      <line num="9" count="0" type="cond" truecount="0" falsecount="2"/>
      <line num="10" count="0" type="stmt"/>
      <line num="11" count="0" type="stmt"/>
      <line num="13" count="0" type="stmt"/>
      <line num="14" count="0" type="stmt"/>
      <line num="17" count="0" type="stmt"/>
      <line num="27" count="0" type="stmt"/>
    </file>
  </project>
</coverage>
